\BOOKMARK [1][-]{section.1}{\376\377\144\130\211\201}{}% 1
\BOOKMARK [1][-]{section.2}{\376\377\225\356\230\230\221\315\217\360}{}% 2
\BOOKMARK [1][-]{section.3}{\376\377\225\356\230\230\122\006\147\220}{}% 3
\BOOKMARK [1][-]{section.4}{\376\377\173\046\123\367\213\364\146\016}{}% 4
\BOOKMARK [1][-]{section.5}{\376\377\127\372\147\054\120\107\213\276}{}% 5
\BOOKMARK [1][-]{section.6}{\376\377\152\041\127\213\136\372\172\313\154\102\211\343\116\016\176\323\147\234\122\006\147\220}{}% 6
\BOOKMARK [2][-]{subsection.6.1}{\376\377\147\000\167\355\215\357\137\204\225\356\230\230\152\041\127\213\166\204\154\102\211\343}{section.6}% 7
\BOOKMARK [3][-]{subsubsection.6.1.1}{\376\377\152\041\127\213\166\204\136\372\172\313}{subsection.6.1}% 8
\BOOKMARK [3][-]{subsubsection.6.1.2}{\376\377\152\041\127\213\154\102\211\343}{subsection.6.1}% 9
\BOOKMARK [2][-]{subsection.6.2}{\376\377\116\247\225\000\136\163\210\141\225\356\230\230\152\041\127\213\166\204\154\102\211\343}{section.6}% 10
\BOOKMARK [3][-]{subsubsection.6.2.1}{\376\377\152\041\127\213\166\204\136\372\172\313}{subsection.6.2}% 11
\BOOKMARK [3][-]{subsubsection.6.2.2}{\376\377\152\041\127\213\166\204\154\102\211\343}{subsection.6.2}% 12
\BOOKMARK [2][-]{subsection.6.3}{\376\377\225\356\230\230\116\214\152\041\127\213\166\204\154\102\211\343}{section.6}% 13
\BOOKMARK [3][-]{subsubsection.6.3.1}{\376\377\152\041\127\213\166\204\136\372\172\313}{subsection.6.3}% 14
\BOOKMARK [3][-]{subsubsection.6.3.2}{\376\377\152\041\127\213\166\204\154\102\211\343}{subsection.6.3}% 15
\BOOKMARK [1][-]{section.7}{\376\377\176\323\147\234\122\006\147\220}{}% 16
\BOOKMARK [1][-]{section.8}{\376\377\152\041\127\213\117\030\177\072\160\271\123\312\145\071\217\333\145\271\124\021}{}% 17
\BOOKMARK [1][-]{section.9}{\376\377\226\104\137\125}{}% 18
\BOOKMARK [1][-]{appendix.A}{\376\377\154\102\147\000\167\355\215\357\137\204\166\204\000m\000a\000t\000l\000a\000b\172\013\136\217}{}% 19
\BOOKMARK [1][-]{appendix.B}{\376\377\154\102\211\343\225\356\230\230\116\000\166\204\000l\000i\000n\000g\000o\172\013\136\217}{}% 20
\BOOKMARK [1][-]{appendix.C}{\376\377\154\102\211\343\225\356\230\230\116\214\166\204\000l\000i\000n\000g\000o\172\013\136\217}{}% 21
\BOOKMARK [1][-]{lstnumber.-3.32}{\376\377\123\302\200\003\145\207\163\056}{}% 22
